<<<<<<< HEAD
=======
14:28:14.728 [main] INFO ironyard.SpringStarter - Starting web app
14:28:15.244 [main] INFO ironyard.SpringStarter - Starting SpringStarter on PC11 with PID 8032 (C:\Users\admin\workspace\SSABank\target\classes started by admin in C:\Users\admin\workspace\SSABank)
14:28:15.244 [main] DEBUG ironyard.SpringStarter - Running with Spring Boot v1.4.0.RELEASE, Spring v4.3.2.RELEASE
14:28:15.260 [main] INFO ironyard.SpringStarter - No active profile set, falling back to default profiles: default
15:20:05.917 [main] INFO ironyard.BankStarter - Starting application ssa-bank
15:20:06.448 [main] INFO ironyard.BankStarter - Starting BankStarter on PC11 with PID 5776 (C:\Users\admin\workspace\SSABank\target\classes started by admin in C:\Users\admin\workspace\SSABank)
15:20:06.449 [main] DEBUG ironyard.BankStarter - Running with Spring Boot v1.4.0.RELEASE, Spring v4.3.2.RELEASE
15:20:06.456 [main] INFO ironyard.BankStarter - No active profile set, falling back to default profiles: default
15:25:40.347 [main] INFO ironyard.BankStarter - Starting application ssa-bank
15:25:40.818 [main] INFO ironyard.BankStarter - Starting BankStarter on PC11 with PID 3416 (C:\Users\admin\workspace\SSABank\target\classes started by admin in C:\Users\admin\workspace\SSABank)
15:25:40.821 [main] DEBUG ironyard.BankStarter - Running with Spring Boot v1.4.0.RELEASE, Spring v4.3.2.RELEASE
15:25:40.831 [main] INFO ironyard.BankStarter - No active profile set, falling back to default profiles: default
15:37:13.837 [main] INFO ironyard.BankStarter - Starting application ssa-bank
15:37:14.598 [main] INFO ironyard.BankStarter - Starting BankStarter on PC11 with PID 4244 (C:\Users\admin\workspace\SSABank\target\classes started by admin in C:\Users\admin\workspace\SSABank)
15:37:14.600 [main] DEBUG ironyard.BankStarter - Running with Spring Boot v1.4.0.RELEASE, Spring v4.3.2.RELEASE
15:37:14.604 [main] INFO ironyard.BankStarter - No active profile set, falling back to default profiles: default
15:41:39.670 [main] INFO ironyard.BankStarter - Starting application ssa-bank
15:41:40.044 [main] INFO ironyard.BankStarter - Starting BankStarter on PC11 with PID 6880 (C:\Users\admin\workspace\SSABank\target\classes started by admin in C:\Users\admin\workspace\SSABank)
15:41:40.046 [main] DEBUG ironyard.BankStarter - Running with Spring Boot v1.4.0.RELEASE, Spring v4.3.2.RELEASE
15:41:40.049 [main] INFO ironyard.BankStarter - No active profile set, falling back to default profiles: default
15:57:45.356 [main] INFO ironyard.BankStarter - Starting application ssa-bank
15:57:45.742 [main] INFO ironyard.BankStarter - Starting BankStarter on PC11 with PID 8032 (C:\Users\admin\workspace\SSABank\target\classes started by admin in C:\Users\admin\workspace\SSABank)
15:57:45.745 [main] DEBUG ironyard.BankStarter - Running with Spring Boot v1.4.0.RELEASE, Spring v4.3.2.RELEASE
15:57:45.749 [main] INFO ironyard.BankStarter - No active profile set, falling back to default profiles: default
>>>>>>> dfc25fa45b49b92f9d009c4b5af6f3edce13344a
